<?xml version="1.0" encoding="UTF-8"?>
<testng-results ignored="0" total="1" passed="1" failed="0" skipped="0">
  <reporter-output>
  </reporter-output>
  <suite started-at="2023-05-02T14:23:34 IST" name="SAR Automation" finished-at="2023-05-02T14:25:00 IST" duration-ms="85046">
    <groups>
    </groups>
    <test started-at="2023-05-02T14:23:34 IST" name="SAR" finished-at="2023-05-02T14:25:00 IST" duration-ms="85046">
      <class name="com.domi.testCases.dominosTestCase">
        <test-method is-config="true" signature="setUp(java.lang.String)[pri:0, instance:com.domi.testCases.dominosTestCase@645aa696]" started-at="2023-05-02T14:23:34 IST" name="setUp" finished-at="2023-05-02T14:24:01 IST" duration-ms="26933" status="PASS">
          <params>
            <param index="0">
              <value>
                <![CDATA[Chrome]]>
              </value>
            </param>
          </params>
          <reporter-output>
          </reporter-output>
        </test-method> <!-- setUp -->
        <test-method signature="login()[pri:0, instance:com.domi.testCases.dominosTestCase@645aa696]" started-at="2023-05-02T14:24:01 IST" name="login" finished-at="2023-05-02T14:24:59 IST" duration-ms="58047" status="PASS">
          <reporter-output>
          </reporter-output>
        </test-method> <!-- login -->
      </class> <!-- com.domi.testCases.dominosTestCase -->
    </test> <!-- SAR -->
  </suite> <!-- SAR Automation -->
</testng-results>
